    1  cd /vagrant
    2  ls
    3  cd server_lesson
    4  ls -la ../
    5  cd /
    6  cd /etc
    7  ls
    8  cd sysconfig
    9  ls
   10  vi selinux
   11  reboot
   12  2533013Ykota2
   13  reboot
   14  sudo reboot
   15  cd /vagrant
   16  cd server_lesson
   17  ls -al ../
   18  cd /vagrant
   19  cd server_lesson
   20  ls -la ../
   21  ls
   22  cd ..
   23  ls
   24  pwd
   25  cd /vagrant
   26  pwd
   27  mkdir server_lesson && cd server_lesson
   28  git init
   29  touch.txt
   30  touch first.txt
   31  cd /vagrant
   32  mkdir server_lessom/linux_practice/public
   33  mkdir-p server_lessom/linux_practice/public
   34  mkdir -p server_lessom/linux_practice/public
   35  ls server_lessom/linux_practice/public
   36  ls server_lessom/linux_practice
   37  ls serverlessom  server_lessom/linux_practice
   38  ls server_lessom  server_lessom/linux_practice
   39  touch server_lesson/linux_practice/public/index,php
   40  touch server_lessom/linux_practice/public/index,php
   41  cd /vagrant/server_lessom/linux_practice/public
   42  cp index.php index_bk.php
   43  ls
   44  cd /vagrant
   45  ls
   46  cd server_lesson
   47  ls
   48  cd ..
   49  cd server_lessom
   50  ls
   51  cd ..
   52  rm server_lessom
   53  rm -r server_lessom
   54  ls
   55  cd server_lesson
   56  ls
   57  cd ..
   58  mkdir -p server_lesson/linux_practice/public
   59  ls server_lesson server_lesson/linux/linux_practice
   60  cd server_lesson
   61  ls
   62  cd linux_practice
   63  ls
   64  cd /vagrant
   65  touch server_lesson/linux_practice/public/index.php
   66  ls server_lesson/linux_practice/public
   67  cd /vagrant/server_lesson/linux_practice/public
   68  cp index.php index_bk.php
   69  ls
   70  cd /vagrant/server_lesson/linux_prasctice
   71  cd /vagrant/server_lesson/linux_practice
   72  cp -r public tmp
   73  ls ./ public tmp
   74  cd /vagrant
   75  cd server_lesson
   76  ls -la ../
   77  cd /vagrant
   78  mv server_lesson/linux_practice server_lesson/linux_practice1
   79  mkdir linux_practice2 linux_practice3
   80  mv ./linux_practice2 ./server_lesson
   81  ls
   82  cd /vagrant/server_lesson/linux_practice1/temp/
   83  cd /vagrant/server_lesson/linux_practice1/tmp/
   84  rm *_bk.php
   85  ls
   86  cd /vagrant
   87  rm server_lesson/first.txt
   88  rm -r linux_practice3
   89  ls server_lesson
   90  cd /vagrant/server_lesson
   91  echo '# サーバレッスン' > README.md
   92  echo 'Linuxプラクティス' >> README.md
   93  echo '------------------' >> README.md
   94  cat README.md
   95  vi README.md
   96  git branch
   97  git status
   98  git branch
   99  git add
  100  git add .
  101  git status
  102  git commit -m '再作成ディレクトリでのfirst commit'
  103  git status
  104  git log
  105  git remote add origin https://KotaObayashi.github.io/server_lesson
  106  git remote -v
  107  git push origin master
  108  git remote add origin https://KotaObayashi.github.io/server_lesson/
  109  git remote set -url origin https://KotaObayashi.github.io/server_lesson/
  110  git remote -v
  111  git push origin master
  112  git remote set -url origin https://github.com/KotaObayashi/server_lesson
  113  git remote -v
  114  git push origin master
  115  git remote set -url origin https://github.com/KotaObayashi/server_lesson.git
  116  git remote -v
  117  git push origin master
  118  git remote set -url origin git@github.com:KotaObayashi/server_lesson.git
  119  git remote -v
  120  git remote set -url origin git@github.com:KotaObayashi/server_lesson.git
  121  git remote set -url server_lesson origin https://github.com/KotaObayashi/server_lesson.git
  122  git remote -v
  123  git remote set -url KotaObayashi/server_lesson origin https://github.com/KotaObayashi/server_lesson.git
  124  git remote -v
  125  git remote set-url origin https://github.com/KotaObayashi/server_lesson.git
  126  git remote -v
  127  git push origin master
  128  ls
  129  cd linux_practice2
  130  mkdir documents
  131  touch gizumo {01..50}.md
  132  ls
  133  rm gizumo {01..50}.md
  134  ls
  135  cd documents
  136  touch gizumo{01..50}.md
  137  ls
  138  cd ..
  139  mkdir trash
  140  ls
  141  mv trash gizumo{20..40}.md
  142  mv gizumo{20..40}.md trash
  143  mv gizumo{20..40}.md linux_practice/trash
  144  mv gizumo{20..40}.md trash/
  145  ls
  146  cd documents
  147  mv gizumo{20..40}.md trash
  148  mv gizumo{20..40}.md linux_practice/trash
  149  mv gizumo{20..40}.md linux_practice2/trash
  150  mv gizumo{20..40}.md /vagrant/server_lesson/linux_practice2/trash
  151  ls
  152  cd trash
  153  cd ,,/trash
  154  cd ../trash
  155  ls
  156  cd ..
  157  touch .gitignore
  158  vi .gitignore
  159  cat .gitignore
  160  echo'history 300' > exec_command.log
  161  echo 'history 300' > exec_command.log
  162  ls
  163  vi .gitignore
  164  git add .
  165  cd /vagrant/server_lesson
  166  git status
  167  git add .
  168  cd linux_practice2
  169  ls
  170  vi .gitignore
  171  git status
  172  git log
  173  git add .
  174  git status
  175  vi .gitignore
  176  git add .
  177  git status
  178  ls -la
  179  vi .gitignore
  180  git add .
  181  git status
  182  vi .gitignore
  183  git add .
  184  git status
  185  vi .gitignore
  186  git add .
  187  git status
  188  vi .gitignore
  189  git add .
  190  git status
  191  ls
  192  mv .gitignore server_lesson
  193  ls -a
  194  cd ..
  195  ls -a
  196  ls
  197  rm .gitignore
  198  cd linux_lesson2
  199  ls -a
  200  linux_practice2
  201  cd linux_practice2
  202  ls -a
  203  cd server_lesson
  204  vi server_lesson
  205  mv server_lesson .gitignore
  206  ls
  207  ls -a
  208  rm .gitignore /vagrant/server_lesson
  209  rm .gitignore vagrant/server_lesson
  210  ls -a
  211  cd ..
  212  ls -a
  213  cd linux_practice2
  214  ls -a
  215  cd /vagrant
  216  ls -a
  217  cd server_lesson
  218  ls -a
  219  cd linux_practice2
  220  ls -a
  221  git add .
  222  vi .gitignore
  223  touch .gitignore
  224  ls -a
  225  cd /
  226  ls -a
  227  cd /vagrant && ls
  228  cd server_lesson && ls -a
  229  cd linux_practice2 && ls -a
  230  vi .gitignore
  231  git add .
  232  git status
  233  vi exec_command.log
  234  ls
  235  rm exec_command.log
  236  ls
  237  vi .gitignore
  238  git add .
  239  git status
  240  vi .gitignore
  241  git add .
  242  git status
  243  git rm --cached gizumo20.md
  244  git rm --cached trash/gizumo20.md
  245  git status
  246  git add .
  247  git status
  248  vi .gitignore
  249  git rm --cached trash/gizumo20.md
  250  git add .
  251  git status
  252  git add .
  253  history 300
  254  git status
  255  vi .gitignore
  256  git add .gitignore
  257  git status
  258  git rm --cached .
  259  cd trash
  260  git rm --cached .
  261  git rm -r --cached .
  262  vi .gitignore
  263  cd ..
  264  ls -a
  265  vi .gitignore
  266  git add .
  267  git status
  268  git rm -r --cached .
  269  gia add .gitignore
  270  git add .gitignore
  271  git add .
  272  git status
  273  git rm -r --cached .
  274  vi .gitignore
  275  git add .
  276  git status
  277  git rm -r --cached .
  278  vi .gitignore
  279  git add .
  280  git status
  281  history 300 >> exec_command.log
  282  history 300 > exec_command.log
